<?xml version="1.0" encoding="UTF-8"?>
<!-- Generated by org.testng.reporters.JUnitXMLReporter -->
<testsuite hostname="LAPTOP-I51FBD39" ignored="0" name="Test1" tests="3" failures="0" timestamp="2021-08-12T13:57:50 IST" time="25.563" errors="0">
  <testcase name="operate" time="2.641" classname="Project.bTc_03Test"/>
  <testcase name="operate" time="5.046" classname="Project.bTc_02Test"/>
  <testcase name="operate" time="1.505" classname="Project.bTc_01Test"/>
</testsuite> <!-- Test1 -->
