<?xml version="1.0" encoding="UTF-8"?>
<!-- Generated by org.testng.reporters.JUnitXMLReporter -->
<testsuite hostname="LAPTOP-I51FBD39" ignored="1" name="Test2" tests="2" failures="0" timestamp="2021-08-11T11:18:50 IST" time="0.037" errors="0">
  <testcase name="beforedemo" time="0.008" classname="Project.TC_06Test"/>
  <testcase name="beforemodifier" time="0.001" classname="Project.TC_05Test"/>
  <testcase name="application" time="0.0" classname="Project.TC_03Test">
    <ignored/>
  </testcase> <!-- application -->
</testsuite> <!-- Test2 -->
